This is pdfTeX, Version 3.14159265-2.6-1.40.16 (TeX Live 2015/Debian) (preloaded format=pdflatex 2018.3.22)  11 JUN 2018 10:38
entering extended mode
 restricted \write18 enabled.
 %&-line parsing enabled.
**/home/jarek/Dokumenty/Gits/poster_ibid_2018_PhyMet2/beamerposter.sty
(/home/jarek/Dokumenty/Gits/poster_ibid_2018_PhyMet2/beamerposter.sty
LaTeX2e <2016/02/01>
Babel <3.9q> and hyphenation patterns for 81 language(s) loaded.
! Use of \beamerposter doesn't match its definition.
<argument> \beamerposter @n
                           ame
l.39 \ProvidesPackage{\beamerposter@name}
                                         [\beamerposter@releaseinfo] 
Here is how much of TeX's memory you used:
 8 strings out of 493029
 324 string characters out of 6136234
 53073 words of memory out of 5000000
 3642 multiletter control sequences out of 15000+600000
 3640 words of font info for 14 fonts, out of 8000000 for 9000
 1141 hyphenation exceptions out of 8191
 5i,0n,3p,183b,8s stack positions out of 5000i,500n,10000p,200000b,80000s

!  ==> Fatal error occurred, no output PDF file produced!
